Arguments: 
  /Users/katsuhiroki/.nodebrew/node/v16.14.0/bin/node /usr/local/bin/yarn add typesctipt

PATH: 
  /Users/katsuhiroki/.nodebrew/current/bin:/Users/katsuhiroki/.nodebrew/current/bin:~/.nvm/versions/node/v17.5.0/bin:/usr/local/bin:/usr/bin:/bin:/usr/sbin:/sbin:/usr/local/go/bin:/Users/katsuhiroki/.nodebrew/current/bin:~/.nvm/versions/node/v17.5.0/bin

Yarn version: 
  1.22.17

Node version: 
  16.14.0

Platform: 
  darwin x64

Trace: 
  Error: https://registry.yarnpkg.com/typesctipt: Not found
      at Request.params.callback [as _callback] (/usr/local/lib/node_modules/yarn/lib/cli.js:67029:18)
      at Request.self.callback (/usr/local/lib/node_modules/yarn/lib/cli.js:140883:22)
      at Request.emit (node:events:520:28)
      at Request.<anonymous> (/usr/local/lib/node_modules/yarn/lib/cli.js:141855:10)
      at Request.emit (node:events:520:28)
      at IncomingMessage.<anonymous> (/usr/local/lib/node_modules/yarn/lib/cli.js:141777:12)
      at Object.onceWrapper (node:events:639:28)
      at IncomingMessage.emit (node:events:532:35)
      at endReadableNT (node:internal/streams/readable:1346:12)
      at processTicksAndRejections (node:internal/process/task_queues:83:21)

npm manifest: 
  {
    "name": "type-challenge",
    "version": "1.0.0",
    "description": "",
    "main": "index.js",
    "scripts": {
      "test": "echo \"Error: no test specified\" && exit 1"
    },
    "repository": {
      "type": "git",
      "url": "git+https://github.com/Katsu5012/types-challenges.git"
    },
    "author": "",
    "license": "ISC",
    "bugs": {
      "url": "https://github.com/Katsu5012/types-challenges/issues"
    },
    "homepage": "https://github.com/Katsu5012/types-challenges#readme"
  }

yarn manifest: 
  No manifest

Lockfile: 
  No lockfile
